<?xml version="1.0" encoding="utf-8"?><testsuites name="pytest tests"><testsuite name="pytest" errors="0" failures="3" skipped="0" tests="11" time="0.052" timestamp="2025-11-05T16:06:19.414963+02:00" hostname="MRADZIIEVS2-NB"><testcase classname="Lesson_3_HW" name="test_1" time="0.001" /><testcase classname="Lesson_3_HW" name="test_2" time="0.000" /><testcase classname="Lesson_3_HW" name="test_3" time="0.000" /><testcase classname="Lesson_3_HW" name="test_4" time="0.000" /><testcase classname="Lesson_3_HW" name="test_5" time="0.000" /><testcase classname="Lesson_3_HW" name="test_6" time="0.000" /><testcase classname="Lesson_3_HW" name="test_7" time="0.001"><failure message="assert False">def test_7():
&gt;       assert False
E       assert False

Lesson_3_HW.py:22: AssertionError</failure></testcase><testcase classname="Lesson_3_HW" name="test_8" time="0.000" /><testcase classname="Lesson_3_HW" name="test_qa_2" time="0.000" /><testcase classname="Lesson_3_HW" name="test_qa_3" time="0.000"><failure message="assert False">def test_qa_3():
&gt;       assert False
E       assert False

Lesson_3_HW.py:32: AssertionError</failure></testcase><testcase classname="Lesson_3_HW" name="test_qa_4" time="0.000"><failure message="assert False">def test_qa_4():
&gt;       assert False
E       assert False

Lesson_3_HW.py:37: AssertionError</failure></testcase></testsuite></testsuites>